********************************************************************************
product = Open Liberty 20.0.0.3 (wlp-1.0.38.cl200320200305-1433)
wlp.install.dir = /home/mattwil/Documents/Events/ejb-test/target/liberty/wlp/
java.home = /home/mattwil/jdk-11.0.7+10
java.version = 11.0.7
java.runtime = OpenJDK Runtime Environment (11.0.7+10)
os = Linux (3.10.0-1062.18.1.el7.x86_64; amd64) (en_GB)
process = 9173@127.0.0.1
********************************************************************************
[07/07/2020, 13:43:35:753 BST] 00000001 com.ibm.ws.kernel.launch.internal.FrameworkManager           A CWWKE0001I: The server defaultServer has been launched.
[07/07/2020, 13:43:37:887 BST] 00000027 com.ibm.ws.config.xml.internal.ServerXMLConfiguration        A CWWKG0093A: Processing configuration drop-ins resource: /home/mattwil/Documents/Events/ejb-test/target/liberty/wlp/usr/servers/defaultServer/configDropins/defaults/quick-start-security.xml
[07/07/2020, 13:43:38:755 BST] 00000001 com.ibm.ws.kernel.launch.internal.FrameworkManager           I CWWKE0002I: The kernel started after 3.799 seconds
[07/07/2020, 13:43:38:968 BST] 00000030 com.ibm.ws.kernel.feature.internal.FeatureManager            I CWWKF0007I: Feature update started.
[07/07/2020, 13:43:47:164 BST] 00000025 .apache.cxf.cxf.core.3.2:1.0.38.cl200320200305-1433(id=190)] I Aries Blueprint packages not available. So namespaces will not be registered
[07/07/2020, 13:43:47:171 BST] 00000025 .apache.cxf.cxf.core.3.2:1.0.38.cl200320200305-1433(id=190)] I Aries Blueprint packages not available. So namespaces will not be registered
[07/07/2020, 13:43:47:459 BST] 00000024 com.ibm.ws.security.ready.internal.SecurityReadyServiceImpl  I CWWKS0007I: The security service is starting...
[07/07/2020, 13:43:48:262 BST] 00000028 com.ibm.ws.app.manager.internal.monitor.DropinMonitor        A CWWKZ0058I: Monitoring dropins for applications.
[07/07/2020, 13:43:48:500 BST] 00000026 com.ibm.ws.annocache.service                                 I OSGi Work Path [ /home/mattwil/Documents/Events/ejb-test/target/liberty/wlp/usr/servers/defaultServer/workarea/org.eclipse.osgi/41/data ]
[07/07/2020, 13:43:49:014 BST] 00000027 com.ibm.ws.cache.ServerCache                                 I DYNA1001I: WebSphere Dynamic Cache instance named baseCache initialized successfully.
[07/07/2020, 13:43:49:021 BST] 00000027 com.ibm.ws.cache.ServerCache                                 I DYNA1071I: The cache provider default is being used.
[07/07/2020, 13:43:49:023 BST] 00000027 com.ibm.ws.cache.CacheServiceImpl                            I DYNA1056I: Dynamic Cache (object cache) initialized successfully.
[07/07/2020, 13:43:49:466 BST] 0000002c com.ibm.ws.ssl.config.WSKeyStore                             A CWPKI0820A: The default keystore has been created using the 'keystore_password' environment variable.
[07/07/2020, 13:43:49:474 BST] 0000002c com.ibm.ws.ssl.config.WSKeyStore                             I CWPKI0802I: Creating the SSL certificate. This may take a few seconds.
[07/07/2020, 13:43:49:531 BST] 0000003c com.ibm.ws.security.token.ltpa.internal.LTPAKeyInfoManager   I CWWKS4103I: Creating the LTPA keys. This may take a few seconds.
[07/07/2020, 13:43:49:682 BST] 00000024 ibm.ws.security.authentication.internal.jaas.JAASServiceImpl I CWWKS1123I: The collective authentication plugin with class name NullCollectiveAuthenticationPlugin has been activated. 
[07/07/2020, 13:43:50:267 BST] 00000024 com.ibm.ws.security.jwt.internal.ConsumerImpl                I CWWKS6012I: The JSON Web Token (JWT) consumer service is available.
[07/07/2020, 13:43:50:322 BST] 00000024 com.ibm.ws.security.jwt.web.JwtEndpointServices              I CWWKS6002I: The JSON Web Token (JWT) endpoint service is available.
[07/07/2020, 13:43:50:345 BST] 00000024 .ws.security.mp.jwt.v11.config.impl.MpConfigProxyServiceImpl I CWWKS5775I: The MicroProfile JWT version 1.1 mpConfigProxy processed successfully.
[07/07/2020, 13:43:50:357 BST] 00000024 com.ibm.ws.security.mp.jwt.impl.MicroProfileJwtConfigImpl    I CWWKS5500I: The MicroProfile JWT configuration [defaultMpJwt] was successfully processed.
[07/07/2020, 13:43:50:361 BST] 00000024 com.ibm.ws.security.mp.jwt.impl.MicroProfileJwtServiceImpl   I CWWKS5500I: The MicroProfile JWT configuration [MicroProfileJwtService] was successfully processed.
[07/07/2020, 13:43:50:501 BST] 0000003c com.ibm.ws.security.token.ltpa.internal.LTPAKeyInfoManager   A CWWKS4104A: LTPA keys created in 0.969 seconds. LTPA key file: /home/mattwil/Documents/Events/ejb-test/target/liberty/wlp/usr/servers/defaultServer/resources/security/ltpa.keys
[07/07/2020, 13:43:50:515 BST] 0000003c com.ibm.ws.security.ready.internal.SecurityReadyServiceImpl  I CWWKS0008I: The security service is ready.
[07/07/2020, 13:43:50:518 BST] 0000003c com.ibm.ws.security.token.ltpa.internal.LTPAKeyCreateTask    I CWWKS4105I: LTPA configuration is ready after 1.007 seconds.
[07/07/2020, 13:43:50:597 BST] 00000024 com.ibm.ws.session.WASSessionCore                            I SESN8501I: The session manager did not find a persistent storage location; HttpSession objects will be stored in the local application server's memory.
[07/07/2020, 13:43:51:394 BST] 0000003d com.ibm.ws.app.manager.AppMessageHelper                      I CWWKZ0018I: Starting application starter-app.
[07/07/2020, 13:43:51:396 BST] 0000003d bm.ws.app.manager.war.internal.WARDeployedAppInfoFactoryImpl I CWWKZ0134I: The starter-app application is using the loose application definition at the /home/mattwil/Documents/Events/ejb-test/target/liberty/wlp/usr/servers/defaultServer/apps/starter-app.war.xml location.
[07/07/2020, 13:43:52:050 BST] 0000003b com.ibm.ws.webcontainer.osgi.webapp.WebGroup                 I SRVE0169I: Loading Web Module: ibm/api.
[07/07/2020, 13:43:52:052 BST] 0000003b com.ibm.ws.webcontainer                                      I SRVE0250I: Web Module ibm/api has been bound to default_host.
[07/07/2020, 13:43:52:047 BST] 00000038 com.ibm.ws.webcontainer.osgi.webapp.WebGroup                 I SRVE0169I: Loading Web Module: com.ibm.ws.security.jwt.
[07/07/2020, 13:43:52:053 BST] 00000038 com.ibm.ws.webcontainer                                      I SRVE0250I: Web Module com.ibm.ws.security.jwt has been bound to default_host.
[07/07/2020, 13:43:52:051 BST] 0000003e com.ibm.ws.webcontainer.osgi.webapp.WebGroup                 I SRVE0169I: Loading Web Module: PrivateMicroProfileMetrics.
[07/07/2020, 13:43:52:050 BST] 0000003f com.ibm.ws.webcontainer.osgi.webapp.WebGroup                 I SRVE0169I: Loading Web Module: health.
[07/07/2020, 13:43:52:053 BST] 0000003e com.ibm.ws.webcontainer                                      I SRVE0250I: Web Module PrivateMicroProfileMetrics has been bound to default_host.
[07/07/2020, 13:43:52:053 BST] 0000003f com.ibm.ws.webcontainer                                      I SRVE0250I: Web Module health has been bound to default_host.
[07/07/2020, 13:43:52:055 BST] 0000003b com.ibm.ws.http.internal.VirtualHostImpl                     A CWWKT0016I: Web application available (default_host): http://192.168.80.1:9080/ibm/api/
[07/07/2020, 13:43:52:065 BST] 0000003f com.ibm.ws.http.internal.VirtualHostImpl                     A CWWKT0016I: Web application available (default_host): http://192.168.80.1:9080/health/
[07/07/2020, 13:43:52:064 BST] 00000039 com.ibm.ws.webcontainer.osgi.webapp.WebGroup                 I SRVE0169I: Loading Web Module: OpenAPIUI.
[07/07/2020, 13:43:52:065 BST] 00000039 com.ibm.ws.webcontainer                                      I SRVE0250I: Web Module OpenAPIUI has been bound to default_host.
[07/07/2020, 13:43:52:066 BST] 00000038 com.ibm.ws.http.internal.VirtualHostImpl                     A CWWKT0016I: Web application available (default_host): http://192.168.80.1:9080/jwt/
[07/07/2020, 13:43:52:066 BST] 00000039 com.ibm.ws.http.internal.VirtualHostImpl                     A CWWKT0016I: Web application available (default_host): http://192.168.80.1:9080/openapi/ui/
[07/07/2020, 13:43:52:067 BST] 0000003e com.ibm.ws.http.internal.VirtualHostImpl                     A CWWKT0016I: Web application available (default_host): http://192.168.80.1:9080/metrics/
[07/07/2020, 13:43:52:220 BST] 00000036 com.ibm.ws.session.WASSessionCore                            I SESN0176I: A new session context will be created for application key default_host/health
[07/07/2020, 13:43:52:221 BST] 00000032 com.ibm.ws.session.WASSessionCore                            I SESN0176I: A new session context will be created for application key default_host/ibm/api
[07/07/2020, 13:43:52:224 BST] 00000040 com.ibm.ws.session.WASSessionCore                            I SESN0176I: A new session context will be created for application key default_host/jwt
[07/07/2020, 13:43:52:224 BST] 00000031 com.ibm.ws.session.WASSessionCore                            I SESN0176I: A new session context will be created for application key default_host/openapi/ui
[07/07/2020, 13:43:52:238 BST] 00000037 com.ibm.ws.session.WASSessionCore                            I SESN0176I: A new session context will be created for application key default_host/metrics
[07/07/2020, 13:43:52:277 BST] 0000003c com.ibm.ws.webcontainer.osgi.webapp.WebGroup                 I SRVE0169I: Loading Web Module: MicroProfileOpenAPI.
[07/07/2020, 13:43:52:278 BST] 0000003c com.ibm.ws.webcontainer                                      I SRVE0250I: Web Module MicroProfileOpenAPI has been bound to default_host.
[07/07/2020, 13:43:52:278 BST] 0000003c com.ibm.ws.http.internal.VirtualHostImpl                     A CWWKT0016I: Web application available (default_host): http://192.168.80.1:9080/openapi/
[07/07/2020, 13:43:52:282 BST] 00000032 com.ibm.ws.util                                              I SESN0172I: The session manager is using the Java default SecureRandom implementation for session ID generation.
[07/07/2020, 13:43:52:313 BST] 00000037 com.ibm.ws.util                                              I SESN0172I: The session manager is using the Java default SecureRandom implementation for session ID generation.
[07/07/2020, 13:43:52:313 BST] 00000036 com.ibm.ws.util                                              I SESN0172I: The session manager is using the Java default SecureRandom implementation for session ID generation.
[07/07/2020, 13:43:52:314 BST] 00000040 com.ibm.ws.util                                              I SESN0172I: The session manager is using the Java default SecureRandom implementation for session ID generation.
[07/07/2020, 13:43:52:315 BST] 00000031 com.ibm.ws.util                                              I SESN0172I: The session manager is using the Java default SecureRandom implementation for session ID generation.
[07/07/2020, 13:43:52:352 BST] 00000039 com.ibm.ws.session.WASSessionCore                            I SESN0176I: A new session context will be created for application key default_host/openapi
[07/07/2020, 13:43:52:352 BST] 00000039 com.ibm.ws.util                                              I SESN0172I: The session manager is using the Java default SecureRandom implementation for session ID generation.
[07/07/2020, 13:43:52:378 BST] 00000039 com.ibm.ws.cache.CacheServiceImpl                            I DYNA1056I: Dynamic Cache (object cache) initialized successfully.
[07/07/2020, 13:43:52:922 BST] 00000039 com.ibm.ws.webcontainer.servlet                              I SRVE0242I: [com.ibm.ws.microprofile.openapi] [/openapi] [OpenAPIServlet]: Initialization successful.
[07/07/2020, 13:43:52:924 BST] 00000036 com.ibm.ws.webcontainer.servlet                              I SRVE0242I: [com.ibm.ws.microprofile.health.2.0] [/health] [HealthCheckReadinessServlet]: Initialization successful.
[07/07/2020, 13:43:52:925 BST] 0000002c com.ibm.ws.ssl.config.WSKeyStore                             A CWPKI0803A: SSL certificate created in 3.451 seconds. SSL key file: /home/mattwil/Documents/Events/ejb-test/target/liberty/wlp/usr/servers/defaultServer/resources/security/key.p12
[07/07/2020, 13:43:52:929 BST] 0000002c com.ibm.ws.ssl.config.WSKeyStore                             I Successfully loaded default keystore: /home/mattwil/Documents/Events/ejb-test/target/liberty/wlp/usr/servers/defaultServer/resources/security/key.p12 of type: PKCS12
[07/07/2020, 13:43:52:930 BST] 00000036 com.ibm.ws.webcontainer.servlet                              I SRVE0242I: [com.ibm.ws.microprofile.health.2.0] [/health] [HealthCheckServlet]: Initialization successful.
[07/07/2020, 13:43:52:934 BST] 00000036 com.ibm.ws.webcontainer.servlet                              I SRVE0242I: [com.ibm.ws.microprofile.health.2.0] [/health] [HealthCheckLivenessServlet]: Initialization successful.
[07/07/2020, 13:43:52:937 BST] 00000037 com.ibm.ws.webcontainer.servlet                              I SRVE0242I: [com.ibm.ws.microprofile.metrics.private] [/metrics] [PrivateMetricsRESTProxyServlet]: Initialization successful.
[07/07/2020, 13:43:53:187 BST] 00000035 com.ibm.ws.webcontainer.osgi.mbeans.PluginGenerator          I SRVE9103I: A configuration file for a web server plugin was automatically generated for this server at /home/mattwil/Documents/Events/ejb-test/target/liberty/wlp/usr/servers/defaultServer/logs/state/plugin-cfg.xml.
[07/07/2020, 13:43:53:199 BST] 0000003d org.jboss.weld.Version                                       I WELD-000900: 3.1.1 (Final)
[07/07/2020, 13:43:53:323 BST] 0000003f com.ibm.ws.webcontainer.osgi.mbeans.PluginGenerator          I SRVE9103I: A configuration file for a web server plugin was automatically generated for this server at /home/mattwil/Documents/Events/ejb-test/target/liberty/wlp/usr/servers/defaultServer/logs/state/plugin-cfg.xml.
[07/07/2020, 13:43:56:916 BST] 0000003d lrye.reactive.messaging.extension.ReactiveMessagingExtension I Analyzing mediator bean: Session bean [class dev.appsody.starter.StarterApplication with qualifiers [@Any @Default]; local interfaces are [StarterApplication]
[07/07/2020, 13:43:56:917 BST] 0000003d io.smallrye.reactive.messaging.extension.MediatorManager     I Scanning Type: class dev.appsody.starter.StarterApplication
[07/07/2020, 13:43:56:934 BST] 0000003d io.smallrye.reactive.messaging.extension.MediatorManager     I Deployment done... start processing
[07/07/2020, 13:43:56:979 BST] 0000003d io.smallrye.reactive.messaging.impl.ConfiguredChannelFactory I Found incoming connectors: []
[07/07/2020, 13:43:56:981 BST] 0000003d io.smallrye.reactive.messaging.impl.ConfiguredChannelFactory I Found outgoing connectors: []
[07/07/2020, 13:43:56:983 BST] 0000003d io.smallrye.reactive.messaging.impl.ConfiguredChannelFactory I Stream manager initializing...
[07/07/2020, 13:43:57:349 BST] 0000003d SystemOut                                                    O 2020-07-07 13:43:57 INFO  ConsumerConfig:347 - ConsumerConfig values: 
	allow.auto.create.topics = true
	auto.commit.interval.ms = 5000
	auto.offset.reset = latest
	bootstrap.servers = [localhost:9093]
	check.crcs = true
	client.dns.lookup = default
	client.id = 
	client.rack = 
	connections.max.idle.ms = 540000
	default.api.timeout.ms = 60000
	enable.auto.commit = false
	exclude.internal.topics = true
	fetch.max.bytes = 52428800
	fetch.max.wait.ms = 500
	fetch.min.bytes = 1
	group.id = starter
	group.instance.id = null
	heartbeat.interval.ms = 3000
	interceptor.classes = []
	internal.leave.group.on.close = true
	isolation.level = read_uncommitted
	key.deserializer = class org.apache.kafka.common.serialization.StringDeserializer
	max.partition.fetch.bytes = 1048576
	max.poll.interval.ms = 300000
	max.poll.records = 500
	metadata.max.age.ms = 300000
	metric.reporters = []
	metrics.num.samples = 2
	metrics.recording.level = INFO
	metrics.sample.window.ms = 30000
	partition.assignment.strategy = [class org.apache.kafka.clients.consumer.RangeAssignor]
	receive.buffer.bytes = 65536
	reconnect.backoff.max.ms = 1000
	reconnect.backoff.ms = 50
	request.timeout.ms = 30000
	retry.backoff.ms = 100
	sasl.client.callback.handler.class = null
	sasl.jaas.config = null
	sasl.kerberos.kinit.cmd = /usr/bin/kinit
	sasl.kerberos.min.time.before.relogin = 60000
	sasl.kerberos.service.name = null
	sasl.kerberos.ticket.renew.jitter = 0.05
	sasl.kerberos.ticket.renew.window.factor = 0.8
	sasl.login.callback.handler.class = null
	sasl.login.class = null
	sasl.login.refresh.buffer.seconds = 300
	sasl.login.refresh.min.period.seconds = 60
	sasl.login.refresh.window.factor = 0.8
	sasl.login.refresh.window.jitter = 0.05
	sasl.mechanism = GSSAPI
	security.protocol = PLAINTEXT
	send.buffer.bytes = 131072
	session.timeout.ms = 10000
	ssl.cipher.suites = null
	ssl.enabled.protocols = [TLSv1.2, TLSv1.1, TLSv1]
	ssl.endpoint.identification.algorithm = https
	ssl.key.password = null
	ssl.keymanager.algorithm = SunX509
	ssl.keystore.location = null
	ssl.keystore.password = null
	ssl.keystore.type = JKS
	ssl.protocol = TLS
	ssl.provider = null
	ssl.secure.random.implementation = null
	ssl.trustmanager.algorithm = PKIX
	ssl.truststore.location = null
	ssl.truststore.password = null
	ssl.truststore.type = JKS
	value.deserializer = class org.apache.kafka.common.serialization.StringDeserializer

[07/07/2020, 13:43:57:505 BST] 0000003d SystemOut                                                    O 2020-07-07 13:43:57 INFO  AppInfoParser:117 - Kafka version: 2.3.0
[07/07/2020, 13:43:57:506 BST] 0000003d SystemOut                                                    O 2020-07-07 13:43:57 INFO  AppInfoParser:118 - Kafka commitId: fc1aaa116b661c8a
[07/07/2020, 13:43:57:507 BST] 0000003d SystemOut                                                    O 2020-07-07 13:43:57 INFO  AppInfoParser:119 - Kafka startTimeMs: 1594125837498
[07/07/2020, 13:43:57:526 BST] 0000003d SystemOut                                                    O 2020-07-07 13:43:57 INFO  ConsumerConfig:347 - ConsumerConfig values: 
	allow.auto.create.topics = true
	auto.commit.interval.ms = 5000
	auto.offset.reset = latest
	bootstrap.servers = [localhost:9093]
	check.crcs = true
	client.dns.lookup = default
	client.id = 
	client.rack = 
	connections.max.idle.ms = 540000
	default.api.timeout.ms = 60000
	enable.auto.commit = false
	exclude.internal.topics = true
	fetch.max.bytes = 52428800
	fetch.max.wait.ms = 500
	fetch.min.bytes = 1
	group.id = starter
	group.instance.id = null
	heartbeat.interval.ms = 3000
	interceptor.classes = []
	internal.leave.group.on.close = true
	isolation.level = read_uncommitted
	key.deserializer = class org.apache.kafka.common.serialization.StringDeserializer
	max.partition.fetch.bytes = 1048576
	max.poll.interval.ms = 300000
	max.poll.records = 500
	metadata.max.age.ms = 300000
	metric.reporters = []
	metrics.num.samples = 2
	metrics.recording.level = INFO
	metrics.sample.window.ms = 30000
	partition.assignment.strategy = [class org.apache.kafka.clients.consumer.RangeAssignor]
	receive.buffer.bytes = 65536
	reconnect.backoff.max.ms = 1000
	reconnect.backoff.ms = 50
	request.timeout.ms = 30000
	retry.backoff.ms = 100
	sasl.client.callback.handler.class = null
	sasl.jaas.config = null
	sasl.kerberos.kinit.cmd = /usr/bin/kinit
	sasl.kerberos.min.time.before.relogin = 60000
	sasl.kerberos.service.name = null
	sasl.kerberos.ticket.renew.jitter = 0.05
	sasl.kerberos.ticket.renew.window.factor = 0.8
	sasl.login.callback.handler.class = null
	sasl.login.class = null
	sasl.login.refresh.buffer.seconds = 300
	sasl.login.refresh.min.period.seconds = 60
	sasl.login.refresh.window.factor = 0.8
	sasl.login.refresh.window.jitter = 0.05
	sasl.mechanism = GSSAPI
	security.protocol = PLAINTEXT
	send.buffer.bytes = 131072
	session.timeout.ms = 10000
	ssl.cipher.suites = null
	ssl.enabled.protocols = [TLSv1.2, TLSv1.1, TLSv1]
	ssl.endpoint.identification.algorithm = https
	ssl.key.password = null
	ssl.keymanager.algorithm = SunX509
	ssl.keystore.location = null
	ssl.keystore.password = null
	ssl.keystore.type = JKS
	ssl.protocol = TLS
	ssl.provider = null
	ssl.secure.random.implementation = null
	ssl.trustmanager.algorithm = PKIX
	ssl.truststore.location = null
	ssl.truststore.password = null
	ssl.truststore.type = JKS
	value.deserializer = class org.apache.kafka.common.serialization.StringDeserializer

[07/07/2020, 13:43:57:538 BST] 0000003d SystemOut                                                    O 2020-07-07 13:43:57 INFO  AppInfoParser:117 - Kafka version: 2.3.0
[07/07/2020, 13:43:57:539 BST] 0000003d SystemOut                                                    O 2020-07-07 13:43:57 INFO  AppInfoParser:118 - Kafka commitId: fc1aaa116b661c8a
[07/07/2020, 13:43:57:541 BST] 0000003d SystemOut                                                    O 2020-07-07 13:43:57 INFO  AppInfoParser:119 - Kafka startTimeMs: 1594125837537
[07/07/2020, 13:43:57:564 BST] 0000003d SystemOut                                                    O 2020-07-07 13:43:57 INFO  ProducerConfig:347 - ProducerConfig values: 
	acks = 1
	batch.size = 16384
	bootstrap.servers = [localhost:9093]
	buffer.memory = 33554432
	client.dns.lookup = default
	client.id = 
	compression.type = none
	connections.max.idle.ms = 540000
	delivery.timeout.ms = 120000
	enable.idempotence = false
	interceptor.classes = []
	key.serializer = class org.apache.kafka.common.serialization.StringSerializer
	linger.ms = 0
	max.block.ms = 60000
	max.in.flight.requests.per.connection = 5
	max.request.size = 1048576
	metadata.max.age.ms = 300000
	metric.reporters = []
	metrics.num.samples = 2
	metrics.recording.level = INFO
	metrics.sample.window.ms = 30000
	partitioner.class = class org.apache.kafka.clients.producer.internals.DefaultPartitioner
	receive.buffer.bytes = 32768
	reconnect.backoff.max.ms = 1000
	reconnect.backoff.ms = 50
	request.timeout.ms = 30000
	retries = 2147483647
	retry.backoff.ms = 100
	sasl.client.callback.handler.class = null
	sasl.jaas.config = null
	sasl.kerberos.kinit.cmd = /usr/bin/kinit
	sasl.kerberos.min.time.before.relogin = 60000
	sasl.kerberos.service.name = null
	sasl.kerberos.ticket.renew.jitter = 0.05
	sasl.kerberos.ticket.renew.window.factor = 0.8
	sasl.login.callback.handler.class = null
	sasl.login.class = null
	sasl.login.refresh.buffer.seconds = 300
	sasl.login.refresh.min.period.seconds = 60
	sasl.login.refresh.window.factor = 0.8
	sasl.login.refresh.window.jitter = 0.05
	sasl.mechanism = GSSAPI
	security.protocol = PLAINTEXT
	send.buffer.bytes = 131072
	ssl.cipher.suites = null
	ssl.enabled.protocols = [TLSv1.2, TLSv1.1, TLSv1]
	ssl.endpoint.identification.algorithm = https
	ssl.key.password = null
	ssl.keymanager.algorithm = SunX509
	ssl.keystore.location = null
	ssl.keystore.password = null
	ssl.keystore.type = JKS
	ssl.protocol = TLS
	ssl.provider = null
	ssl.secure.random.implementation = null
	ssl.trustmanager.algorithm = PKIX
	ssl.truststore.location = null
	ssl.truststore.password = null
	ssl.truststore.type = JKS
	transaction.timeout.ms = 60000
	transactional.id = null
	value.serializer = class org.apache.kafka.common.serialization.StringSerializer

[07/07/2020, 13:43:57:608 BST] 0000003d SystemOut                                                    O 2020-07-07 13:43:57 INFO  AppInfoParser:117 - Kafka version: 2.3.0
[07/07/2020, 13:43:57:611 BST] 0000003d SystemOut                                                    O 2020-07-07 13:43:57 INFO  AppInfoParser:118 - Kafka commitId: fc1aaa116b661c8a
[07/07/2020, 13:43:57:612 BST] 0000003d SystemOut                                                    O 2020-07-07 13:43:57 INFO  AppInfoParser:119 - Kafka startTimeMs: 1594125837607
[07/07/2020, 13:43:57:622 BST] 0000003d io.smallrye.reactive.messaging.extension.MediatorManager     I Initializing mediators
[07/07/2020, 13:43:57:640 BST] 0000003d com.ibm.ejs.container.EJSContainer                           W CNTR0092W: Attempted to access EnterpriseBean starter-app#starter-app.war#StarterApplication, that has not been started.
[07/07/2020, 13:43:57:647 BST] 0000003d io.smallrye.reactive.messaging.extension.MediatorManager     E Unable to initialize mediator: dev.appsody.starter.StarterApplication#processMessage
org.jboss.weld.exceptions.CreationException: WELD-000079: Could not instantiate a proxy for a session bean:  Session bean [class dev.appsody.starter.StarterApplication with qualifiers [@Any @Default]; local interfaces are [StarterApplication]
  Proxy: class dev.appsody.starter.StarterApplication$Proxy$_$$_Weld$EnterpriseProxy$
	at org.jboss.weld.module.ejb.SessionBeanProxyInstantiator.newInstance(SessionBeanProxyInstantiator.java:69)
	at org.jboss.weld.module.ejb.SessionBeanImpl.create(SessionBeanImpl.java:154)
	at org.jboss.weld.contexts.unbound.DependentContextImpl.get(DependentContextImpl.java:70)
	at org.jboss.weld.bean.ContextualInstanceStrategy$DefaultContextualInstanceStrategy.get(ContextualInstanceStrategy.java:100)
	at org.jboss.weld.bean.ContextualInstance.get(ContextualInstance.java:50)
	at org.jboss.weld.manager.BeanManagerImpl.getReference(BeanManagerImpl.java:694)
	at org.jboss.weld.manager.BeanManagerImpl.getReference(BeanManagerImpl.java:717)
	at org.jboss.weld.util.ForwardingBeanManager.getReference(ForwardingBeanManager.java:64)
	at org.jboss.weld.bean.builtin.BeanManagerProxy.getReference(BeanManagerProxy.java:87)
	at io.smallrye.reactive.messaging.extension.MediatorManager.lambda$initializeAndRun$4(MediatorManager.java:143)
	at io.smallrye.reactive.messaging.extension.MediatorManager$$Lambda$304/0000000000000000.accept(Unknown Source)
	at java.base/java.util.ArrayList.forEach(ArrayList.java:1540)
	at io.smallrye.reactive.messaging.extension.MediatorManager.initializeAndRun(MediatorManager.java:136)
	at io.smallrye.reactive.messaging.extension.MediatorManager$Proxy$_$$_WeldClientProxy.initializeAndRun(Unknown Source)
	at io.smallrye.reactive.messaging.extension.ReactiveMessagingExtension.afterDeploymentValidation(ReactiveMessagingExtension.java:86)
	at jdk.internal.reflect.GeneratedMethodAccessor818.invoke(Unknown Source)
	at java.base/java.lang.reflect.Method.invoke(Method.java:566)
	at org.jboss.weld.injection.StaticMethodInjectionPoint.invoke(StaticMethodInjectionPoint.java:95)
	at org.jboss.weld.injection.MethodInvocationStrategy$SpecialParamPlusBeanManagerStrategy.invoke(MethodInvocationStrategy.java:187)
	at org.jboss.weld.event.ObserverMethodImpl.sendEvent(ObserverMethodImpl.java:330)
	at org.jboss.weld.event.ExtensionObserverMethodImpl.sendEvent(ExtensionObserverMethodImpl.java:123)
	at org.jboss.weld.event.ObserverMethodImpl.sendEvent(ObserverMethodImpl.java:308)
	at org.jboss.weld.event.ObserverMethodImpl.notify(ObserverMethodImpl.java:286)
	at javax.enterprise.inject.spi.ObserverMethod.notify(ObserverMethod.java:124)
	at org.jboss.weld.util.Observers.notify(Observers.java:166)
	at org.jboss.weld.event.ObserverNotifier.notifySyncObservers(ObserverNotifier.java:285)
	at org.jboss.weld.event.ObserverNotifier.notify(ObserverNotifier.java:273)
	at org.jboss.weld.event.ObserverNotifier.fireEvent(ObserverNotifier.java:177)
	at org.jboss.weld.event.ObserverNotifier.fireEvent(ObserverNotifier.java:171)
	at org.jboss.weld.bootstrap.events.AbstractContainerEvent.fire(AbstractContainerEvent.java:53)
	at org.jboss.weld.bootstrap.events.AbstractDeploymentContainerEvent.fire(AbstractDeploymentContainerEvent.java:35)
	at org.jboss.weld.bootstrap.events.AfterDeploymentValidationImpl.fire(AfterDeploymentValidationImpl.java:28)
	at org.jboss.weld.bootstrap.WeldStartup.validateBeans(WeldStartup.java:505)
	at org.jboss.weld.bootstrap.WeldBootstrap.validateBeans(WeldBootstrap.java:93)
	at com.ibm.ws.cdi.impl.CDIContainerImpl.startInitialization(CDIContainerImpl.java:157)
	at com.ibm.ws.cdi.liberty.CDIRuntimeImpl.applicationStarting(CDIRuntimeImpl.java:453)
	at com.ibm.ws.container.service.state.internal.ApplicationStateManager.fireStarting(ApplicationStateManager.java:51)
	at com.ibm.ws.container.service.state.internal.StateChangeServiceImpl.fireApplicationStarting(StateChangeServiceImpl.java:50)
	at com.ibm.ws.app.manager.module.internal.SimpleDeployedAppInfoBase.preDeployApp(SimpleDeployedAppInfoBase.java:547)
	at com.ibm.ws.app.manager.module.internal.SimpleDeployedAppInfoBase.installApp(SimpleDeployedAppInfoBase.java:508)
	at com.ibm.ws.app.manager.module.internal.DeployedAppInfoBase.deployApp(DeployedAppInfoBase.java:347)
	at com.ibm.ws.app.manager.war.internal.WARApplicationHandlerImpl.install(WARApplicationHandlerImpl.java:65)
	at com.ibm.ws.app.manager.internal.statemachine.StartAction.execute(StartAction.java:140)
	at com.ibm.ws.app.manager.internal.statemachine.ApplicationStateMachineImpl.enterState(ApplicationStateMachineImpl.java:1264)
	at com.ibm.ws.app.manager.internal.statemachine.ApplicationStateMachineImpl.run(ApplicationStateMachineImpl.java:879)
	at com.ibm.ws.threading.internal.ExecutorServiceImpl$RunnableWrapper.run(ExecutorServiceImpl.java:239)
	at java.base/java.util.concurrent.ThreadPoolExecutor.runWorker(ThreadPoolExecutor.java:1128)
	at java.base/java.util.concurrent.ThreadPoolExecutor$Worker.run(ThreadPoolExecutor.java:628)
	at java.base/java.lang.Thread.run(Thread.java:834)
Caused by: javax.ejb.EJBException: nested exception is: java.lang.IllegalStateException: com.ibm.ejs.container.EJBNotFoundException: Attempted to access bean StarterApplication in module starter-app.war of application starter-app that has not been started or does not exist.
	at com.ibm.ws.ejbcontainer.internal.EJBReferenceFactoryImpl.create(EJBReferenceFactoryImpl.java:60)
	at com.ibm.ws.cdi.ejb.impl.WebSphereEjbServicesImpl.resolveEjb(WebSphereEjbServicesImpl.java:106)
	at org.jboss.weld.module.ejb.SessionBeanImpl.createReference(SessionBeanImpl.java:248)
	at org.jboss.weld.module.ejb.EnterpriseBeanProxyMethodHandler.<init>(EnterpriseBeanProxyMethodHandler.java:87)
	at org.jboss.weld.module.ejb.EnterpriseBeanProxyMethodHandler.<init>(EnterpriseBeanProxyMethodHandler.java:67)
	at org.jboss.weld.module.ejb.SessionBeanProxyInstantiator.createEnterpriseTargetBeanInstance(SessionBeanProxyInstantiator.java:75)
	at org.jboss.weld.module.ejb.SessionBeanProxyInstantiator.newInstance(SessionBeanProxyInstantiator.java:58)
	... 48 more
Caused by: java.lang.IllegalStateException: com.ibm.ejs.container.EJBNotFoundException: Attempted to access bean StarterApplication in module starter-app.war of application starter-app that has not been started or does not exist.
	at com.ibm.ws.ejbcontainer.internal.EJBReferenceFactoryImpl.getEJSHome(EJBReferenceFactoryImpl.java:42)
	at com.ibm.ws.ejbcontainer.internal.EJBReferenceFactoryImpl.create(EJBReferenceFactoryImpl.java:56)
	... 54 more
Caused by: com.ibm.ejs.container.EJBNotFoundException: Attempted to access bean StarterApplication in module starter-app.war of application starter-app that has not been started or does not exist.
	at com.ibm.ejs.container.EJSContainer.getInstalledHome(EJSContainer.java:768)
	at com.ibm.ws.ejbcontainer.internal.EJBReferenceFactoryImpl.getEJSHome(EJBReferenceFactoryImpl.java:40)
	... 55 more

[07/07/2020, 13:43:57:656 BST] 0000003d com.ibm.ejs.container.EJSContainer                           W CNTR0092W: Attempted to access EnterpriseBean starter-app#starter-app.war#StarterApplication, that has not been started.
[07/07/2020, 13:43:57:656 BST] 0000003d io.smallrye.reactive.messaging.extension.MediatorManager     E Unable to initialize mediator: dev.appsody.starter.StarterApplication#receiveMessage
org.jboss.weld.exceptions.CreationException: WELD-000079: Could not instantiate a proxy for a session bean:  Session bean [class dev.appsody.starter.StarterApplication with qualifiers [@Any @Default]; local interfaces are [StarterApplication]
  Proxy: class dev.appsody.starter.StarterApplication$Proxy$_$$_Weld$EnterpriseProxy$
	at org.jboss.weld.module.ejb.SessionBeanProxyInstantiator.newInstance(SessionBeanProxyInstantiator.java:69)
	at org.jboss.weld.module.ejb.SessionBeanImpl.create(SessionBeanImpl.java:154)
	at org.jboss.weld.contexts.unbound.DependentContextImpl.get(DependentContextImpl.java:70)
	at org.jboss.weld.bean.ContextualInstanceStrategy$DefaultContextualInstanceStrategy.get(ContextualInstanceStrategy.java:100)
	at org.jboss.weld.bean.ContextualInstance.get(ContextualInstance.java:50)
	at org.jboss.weld.manager.BeanManagerImpl.getReference(BeanManagerImpl.java:694)
	at org.jboss.weld.manager.BeanManagerImpl.getReference(BeanManagerImpl.java:717)
	at org.jboss.weld.util.ForwardingBeanManager.getReference(ForwardingBeanManager.java:64)
	at org.jboss.weld.bean.builtin.BeanManagerProxy.getReference(BeanManagerProxy.java:87)
	at io.smallrye.reactive.messaging.extension.MediatorManager.lambda$initializeAndRun$4(MediatorManager.java:143)
	at io.smallrye.reactive.messaging.extension.MediatorManager$$Lambda$304/0000000000000000.accept(Unknown Source)
	at java.base/java.util.ArrayList.forEach(ArrayList.java:1540)
	at io.smallrye.reactive.messaging.extension.MediatorManager.initializeAndRun(MediatorManager.java:136)
	at io.smallrye.reactive.messaging.extension.MediatorManager$Proxy$_$$_WeldClientProxy.initializeAndRun(Unknown Source)
	at io.smallrye.reactive.messaging.extension.ReactiveMessagingExtension.afterDeploymentValidation(ReactiveMessagingExtension.java:86)
	at jdk.internal.reflect.GeneratedMethodAccessor818.invoke(Unknown Source)
	at java.base/java.lang.reflect.Method.invoke(Method.java:566)
	at org.jboss.weld.injection.StaticMethodInjectionPoint.invoke(StaticMethodInjectionPoint.java:95)
	at org.jboss.weld.injection.MethodInvocationStrategy$SpecialParamPlusBeanManagerStrategy.invoke(MethodInvocationStrategy.java:187)
	at org.jboss.weld.event.ObserverMethodImpl.sendEvent(ObserverMethodImpl.java:330)
	at org.jboss.weld.event.ExtensionObserverMethodImpl.sendEvent(ExtensionObserverMethodImpl.java:123)
	at org.jboss.weld.event.ObserverMethodImpl.sendEvent(ObserverMethodImpl.java:308)
	at org.jboss.weld.event.ObserverMethodImpl.notify(ObserverMethodImpl.java:286)
	at javax.enterprise.inject.spi.ObserverMethod.notify(ObserverMethod.java:124)
	at org.jboss.weld.util.Observers.notify(Observers.java:166)
	at org.jboss.weld.event.ObserverNotifier.notifySyncObservers(ObserverNotifier.java:285)
	at org.jboss.weld.event.ObserverNotifier.notify(ObserverNotifier.java:273)
	at org.jboss.weld.event.ObserverNotifier.fireEvent(ObserverNotifier.java:177)
	at org.jboss.weld.event.ObserverNotifier.fireEvent(ObserverNotifier.java:171)
	at org.jboss.weld.bootstrap.events.AbstractContainerEvent.fire(AbstractContainerEvent.java:53)
	at org.jboss.weld.bootstrap.events.AbstractDeploymentContainerEvent.fire(AbstractDeploymentContainerEvent.java:35)
	at org.jboss.weld.bootstrap.events.AfterDeploymentValidationImpl.fire(AfterDeploymentValidationImpl.java:28)
	at org.jboss.weld.bootstrap.WeldStartup.validateBeans(WeldStartup.java:505)
	at org.jboss.weld.bootstrap.WeldBootstrap.validateBeans(WeldBootstrap.java:93)
	at com.ibm.ws.cdi.impl.CDIContainerImpl.startInitialization(CDIContainerImpl.java:157)
	at com.ibm.ws.cdi.liberty.CDIRuntimeImpl.applicationStarting(CDIRuntimeImpl.java:453)
	at com.ibm.ws.container.service.state.internal.ApplicationStateManager.fireStarting(ApplicationStateManager.java:51)
	at com.ibm.ws.container.service.state.internal.StateChangeServiceImpl.fireApplicationStarting(StateChangeServiceImpl.java:50)
	at com.ibm.ws.app.manager.module.internal.SimpleDeployedAppInfoBase.preDeployApp(SimpleDeployedAppInfoBase.java:547)
	at com.ibm.ws.app.manager.module.internal.SimpleDeployedAppInfoBase.installApp(SimpleDeployedAppInfoBase.java:508)
	at com.ibm.ws.app.manager.module.internal.DeployedAppInfoBase.deployApp(DeployedAppInfoBase.java:347)
	at com.ibm.ws.app.manager.war.internal.WARApplicationHandlerImpl.install(WARApplicationHandlerImpl.java:65)
	at com.ibm.ws.app.manager.internal.statemachine.StartAction.execute(StartAction.java:140)
	at com.ibm.ws.app.manager.internal.statemachine.ApplicationStateMachineImpl.enterState(ApplicationStateMachineImpl.java:1264)
	at com.ibm.ws.app.manager.internal.statemachine.ApplicationStateMachineImpl.run(ApplicationStateMachineImpl.java:879)
	at com.ibm.ws.threading.internal.ExecutorServiceImpl$RunnableWrapper.run(ExecutorServiceImpl.java:239)
	at java.base/java.util.concurrent.ThreadPoolExecutor.runWorker(ThreadPoolExecutor.java:1128)
	at java.base/java.util.concurrent.ThreadPoolExecutor$Worker.run(ThreadPoolExecutor.java:628)
	at java.base/java.lang.Thread.run(Thread.java:834)
Caused by: javax.ejb.EJBException: nested exception is: java.lang.IllegalStateException: com.ibm.ejs.container.EJBNotFoundException: Attempted to access bean StarterApplication in module starter-app.war of application starter-app that has not been started or does not exist.
	at com.ibm.ws.ejbcontainer.internal.EJBReferenceFactoryImpl.create(EJBReferenceFactoryImpl.java:60)
	at com.ibm.ws.cdi.ejb.impl.WebSphereEjbServicesImpl.resolveEjb(WebSphereEjbServicesImpl.java:106)
	at org.jboss.weld.module.ejb.SessionBeanImpl.createReference(SessionBeanImpl.java:248)
	at org.jboss.weld.module.ejb.EnterpriseBeanProxyMethodHandler.<init>(EnterpriseBeanProxyMethodHandler.java:87)
	at org.jboss.weld.module.ejb.EnterpriseBeanProxyMethodHandler.<init>(EnterpriseBeanProxyMethodHandler.java:67)
	at org.jboss.weld.module.ejb.SessionBeanProxyInstantiator.createEnterpriseTargetBeanInstance(SessionBeanProxyInstantiator.java:75)
	at org.jboss.weld.module.ejb.SessionBeanProxyInstantiator.newInstance(SessionBeanProxyInstantiator.java:58)
	... 48 more
Caused by: java.lang.IllegalStateException: com.ibm.ejs.container.EJBNotFoundException: Attempted to access bean StarterApplication in module starter-app.war of application starter-app that has not been started or does not exist.
	at com.ibm.ws.ejbcontainer.internal.EJBReferenceFactoryImpl.getEJSHome(EJBReferenceFactoryImpl.java:42)
	at com.ibm.ws.ejbcontainer.internal.EJBReferenceFactoryImpl.create(EJBReferenceFactoryImpl.java:56)
	... 54 more
Caused by: com.ibm.ejs.container.EJBNotFoundException: Attempted to access bean StarterApplication in module starter-app.war of application starter-app that has not been started or does not exist.
	at com.ibm.ejs.container.EJSContainer.getInstalledHome(EJSContainer.java:768)
	at com.ibm.ws.ejbcontainer.internal.EJBReferenceFactoryImpl.getEJSHome(EJBReferenceFactoryImpl.java:40)
	... 55 more

[07/07/2020, 13:43:57:675 BST] 0000003d io.smallrye.reactive.messaging.extension.MediatorManager     I Connecting mediators
[07/07/2020, 13:43:57:677 BST] 0000003d io.smallrye.reactive.messaging.extension.MediatorManager     I Attempt to resolve dev.appsody.starter.StarterApplication#processMessage
[07/07/2020, 13:43:57:818 BST] 0000003d com.ibm.ws.logging.internal.impl.IncidentImpl                I FFDC1015I: An FFDC Incident has been created: "org.jboss.weld.exceptions.DeploymentException: Processor must not be null com.ibm.ws.container.service.state.internal.ApplicationStateManager 54" at ffdc_20.07.07_13.43.57.0.log
[07/07/2020, 13:43:57:998 BST] 0000003d com.ibm.ws.logging.internal.impl.IncidentImpl                I FFDC1015I: An FFDC Incident has been created: "com.ibm.ws.container.service.state.StateChangeException: org.jboss.weld.exceptions.DeploymentException: Processor must not be null com.ibm.ws.app.manager.module.internal.SimpleDeployedAppInfoBase 548" at ffdc_20.07.07_13.43.57.1.log
[07/07/2020, 13:43:58:022 BST] 0000003d SystemOut                                                    O 2020-07-07 13:43:58 INFO  KafkaProducer:1153 - [Producer clientId=producer-1] Closing the Kafka producer with timeoutMillis = 0 ms.
[07/07/2020, 13:43:58:023 BST] 0000003d SystemOut                                                    O 2020-07-07 13:43:58 INFO  KafkaProducer:1179 - [Producer clientId=producer-1] Proceeding to force close the producer since pending requests could not be completed within timeout 0 ms.
[07/07/2020, 13:43:58:089 BST] 0000003d io.smallrye.reactive.messaging.extension.MediatorManager     I Cancel subscriptions
[07/07/2020, 13:43:58:102 BST] 0000003d com.ibm.ws.app.manager.AppMessageHelper                      E CWWKZ0002E: An exception occurred while starting the application starter-app. The exception message was: com.ibm.ws.container.service.state.StateChangeException: org.jboss.weld.exceptions.DeploymentException: Processor must not be null
[07/07/2020, 13:43:58:125 BST] 00000030 com.ibm.ws.tcpchannel.internal.TCPPort                       I CWWKO0219I: TCP Channel defaultHttpEndpoint has been started and is now listening for requests on host *  (IPv6) port 9080.
[07/07/2020, 13:43:58:128 BST] 00000030 com.ibm.ws.tcpchannel.internal.TCPPort                       I CWWKO0219I: TCP Channel defaultHttpEndpoint-ssl has been started and is now listening for requests on host *  (IPv6) port 9443.
[07/07/2020, 13:43:58:158 BST] 00000030 com.ibm.ws.kernel.feature.internal.FeatureManager            A CWWKF0012I: The server installed the following features: [appSecurity-2.0, cdi-2.0, concurrent-1.0, distributedMap-1.0, ejbLite-3.2, jaxrs-2.1, jaxrsClient-2.1, jndi-1.0, json-1.0, jsonb-1.0, jsonp-1.1, jwt-1.0, microProfile-3.2, mpConfig-1.3, mpFaultTolerance-2.0, mpHealth-2.1, mpJwt-1.1, mpMetrics-2.2, mpOpenAPI-1.1, mpOpenTracing-1.3, mpReactiveMessaging-1.0, mpReactiveStreams-1.0, mpRestClient-1.3, opentracing-1.3, servlet-4.0, ssl-1.0].
[07/07/2020, 13:43:58:159 BST] 00000030 com.ibm.ws.kernel.feature.internal.FeatureManager            I CWWKF0008I: Feature update completed in 19.382 seconds.
[07/07/2020, 13:43:58:159 BST] 00000030 com.ibm.ws.kernel.feature.internal.FeatureManager            A CWWKF0011I: The defaultServer server is ready to run a smarter planet. The defaultServer server started in 23.217 seconds.
[07/07/2020, 13:44:00:862 BST] 00000032 com.ibm.ws.app.manager.AppMessageHelper                      I CWWKZ0018I: Starting application starter-app.
[07/07/2020, 13:44:00:863 BST] 00000032 bm.ws.app.manager.war.internal.WARDeployedAppInfoFactoryImpl I CWWKZ0134I: The starter-app application is using the loose application definition at the /home/mattwil/Documents/Events/ejb-test/target/liberty/wlp/usr/servers/defaultServer/apps/starter-app.war.xml location.
[07/07/2020, 13:44:02:849 BST] 00000032 lrye.reactive.messaging.extension.ReactiveMessagingExtension I Analyzing mediator bean: Session bean [class dev.appsody.starter.StarterApplication with qualifiers [@Any @Default]; local interfaces are [StarterApplication]
[07/07/2020, 13:44:02:849 BST] 00000032 io.smallrye.reactive.messaging.extension.MediatorManager     I Scanning Type: class dev.appsody.starter.StarterApplication
[07/07/2020, 13:44:02:850 BST] 00000032 io.smallrye.reactive.messaging.extension.MediatorManager     I Deployment done... start processing
[07/07/2020, 13:44:02:854 BST] 00000032 io.smallrye.reactive.messaging.impl.ConfiguredChannelFactory I Found incoming connectors: []
[07/07/2020, 13:44:02:855 BST] 00000032 io.smallrye.reactive.messaging.impl.ConfiguredChannelFactory I Found outgoing connectors: []
[07/07/2020, 13:44:02:855 BST] 00000032 io.smallrye.reactive.messaging.impl.ConfiguredChannelFactory I Stream manager initializing...
[07/07/2020, 13:44:03:113 BST] 00000032 SystemOut                                                    O 2020-07-07 13:44:03 INFO  ConsumerConfig:347 - ConsumerConfig values: 
	allow.auto.create.topics = true
	auto.commit.interval.ms = 5000
	auto.offset.reset = latest
	bootstrap.servers = [localhost:9093]
	check.crcs = true
	client.dns.lookup = default
	client.id = 
	client.rack = 
	connections.max.idle.ms = 540000
	default.api.timeout.ms = 60000
	enable.auto.commit = false
	exclude.internal.topics = true
	fetch.max.bytes = 52428800
	fetch.max.wait.ms = 500
	fetch.min.bytes = 1
	group.id = starter
	group.instance.id = null
	heartbeat.interval.ms = 3000
	interceptor.classes = []
	internal.leave.group.on.close = true
	isolation.level = read_uncommitted
	key.deserializer = class org.apache.kafka.common.serialization.StringDeserializer
	max.partition.fetch.bytes = 1048576
	max.poll.interval.ms = 300000
	max.poll.records = 500
	metadata.max.age.ms = 300000
	metric.reporters = []
	metrics.num.samples = 2
	metrics.recording.level = INFO
	metrics.sample.window.ms = 30000
	partition.assignment.strategy = [class org.apache.kafka.clients.consumer.RangeAssignor]
	receive.buffer.bytes = 65536
	reconnect.backoff.max.ms = 1000
	reconnect.backoff.ms = 50
	request.timeout.ms = 30000
	retry.backoff.ms = 100
	sasl.client.callback.handler.class = null
	sasl.jaas.config = null
	sasl.kerberos.kinit.cmd = /usr/bin/kinit
	sasl.kerberos.min.time.before.relogin = 60000
	sasl.kerberos.service.name = null
	sasl.kerberos.ticket.renew.jitter = 0.05
	sasl.kerberos.ticket.renew.window.factor = 0.8
	sasl.login.callback.handler.class = null
	sasl.login.class = null
	sasl.login.refresh.buffer.seconds = 300
	sasl.login.refresh.min.period.seconds = 60
	sasl.login.refresh.window.factor = 0.8
	sasl.login.refresh.window.jitter = 0.05
	sasl.mechanism = GSSAPI
	security.protocol = PLAINTEXT
	send.buffer.bytes = 131072
	session.timeout.ms = 10000
	ssl.cipher.suites = null
	ssl.enabled.protocols = [TLSv1.2, TLSv1.1, TLSv1]
	ssl.endpoint.identification.algorithm = https
	ssl.key.password = null
	ssl.keymanager.algorithm = SunX509
	ssl.keystore.location = null
	ssl.keystore.password = null
	ssl.keystore.type = JKS
	ssl.protocol = TLS
	ssl.provider = null
	ssl.secure.random.implementation = null
	ssl.trustmanager.algorithm = PKIX
	ssl.truststore.location = null
	ssl.truststore.password = null
	ssl.truststore.type = JKS
	value.deserializer = class org.apache.kafka.common.serialization.StringDeserializer

[07/07/2020, 13:44:03:418 BST] 00000032 SystemOut                                                    O 2020-07-07 13:44:03 INFO  AppInfoParser:117 - Kafka version: 2.3.0
[07/07/2020, 13:44:03:419 BST] 00000032 SystemOut                                                    O 2020-07-07 13:44:03 INFO  AppInfoParser:118 - Kafka commitId: fc1aaa116b661c8a
[07/07/2020, 13:44:03:421 BST] 00000032 SystemOut                                                    O 2020-07-07 13:44:03 INFO  AppInfoParser:119 - Kafka startTimeMs: 1594125843414
[07/07/2020, 13:44:03:429 BST] 00000032 SystemOut                                                    O 2020-07-07 13:44:03 INFO  ConsumerConfig:347 - ConsumerConfig values: 
	allow.auto.create.topics = true
	auto.commit.interval.ms = 5000
	auto.offset.reset = latest
	bootstrap.servers = [localhost:9093]
	check.crcs = true
	client.dns.lookup = default
	client.id = 
	client.rack = 
	connections.max.idle.ms = 540000
	default.api.timeout.ms = 60000
	enable.auto.commit = false
	exclude.internal.topics = true
	fetch.max.bytes = 52428800
	fetch.max.wait.ms = 500
	fetch.min.bytes = 1
	group.id = starter
	group.instance.id = null
	heartbeat.interval.ms = 3000
	interceptor.classes = []
	internal.leave.group.on.close = true
	isolation.level = read_uncommitted
	key.deserializer = class org.apache.kafka.common.serialization.StringDeserializer
	max.partition.fetch.bytes = 1048576
	max.poll.interval.ms = 300000
	max.poll.records = 500
	metadata.max.age.ms = 300000
	metric.reporters = []
	metrics.num.samples = 2
	metrics.recording.level = INFO
	metrics.sample.window.ms = 30000
	partition.assignment.strategy = [class org.apache.kafka.clients.consumer.RangeAssignor]
	receive.buffer.bytes = 65536
	reconnect.backoff.max.ms = 1000
	reconnect.backoff.ms = 50
	request.timeout.ms = 30000
	retry.backoff.ms = 100
	sasl.client.callback.handler.class = null
	sasl.jaas.config = null
	sasl.kerberos.kinit.cmd = /usr/bin/kinit
	sasl.kerberos.min.time.before.relogin = 60000
	sasl.kerberos.service.name = null
	sasl.kerberos.ticket.renew.jitter = 0.05
	sasl.kerberos.ticket.renew.window.factor = 0.8
	sasl.login.callback.handler.class = null
	sasl.login.class = null
	sasl.login.refresh.buffer.seconds = 300
	sasl.login.refresh.min.period.seconds = 60
	sasl.login.refresh.window.factor = 0.8
	sasl.login.refresh.window.jitter = 0.05
	sasl.mechanism = GSSAPI
	security.protocol = PLAINTEXT
	send.buffer.bytes = 131072
	session.timeout.ms = 10000
	ssl.cipher.suites = null
	ssl.enabled.protocols = [TLSv1.2, TLSv1.1, TLSv1]
	ssl.endpoint.identification.algorithm = https
	ssl.key.password = null
	ssl.keymanager.algorithm = SunX509
	ssl.keystore.location = null
	ssl.keystore.password = null
	ssl.keystore.type = JKS
	ssl.protocol = TLS
	ssl.provider = null
	ssl.secure.random.implementation = null
	ssl.trustmanager.algorithm = PKIX
	ssl.truststore.location = null
	ssl.truststore.password = null
	ssl.truststore.type = JKS
	value.deserializer = class org.apache.kafka.common.serialization.StringDeserializer

[07/07/2020, 13:44:03:444 BST] 00000032 SystemOut                                                    O 2020-07-07 13:44:03 INFO  AppInfoParser:117 - Kafka version: 2.3.0
[07/07/2020, 13:44:03:446 BST] 00000032 SystemOut                                                    O 2020-07-07 13:44:03 INFO  AppInfoParser:118 - Kafka commitId: fc1aaa116b661c8a
[07/07/2020, 13:44:03:447 BST] 00000032 SystemOut                                                    O 2020-07-07 13:44:03 INFO  AppInfoParser:119 - Kafka startTimeMs: 1594125843443
[07/07/2020, 13:44:03:463 BST] 00000032 SystemOut                                                    O 2020-07-07 13:44:03 INFO  ProducerConfig:347 - ProducerConfig values: 
	acks = 1
	batch.size = 16384
	bootstrap.servers = [localhost:9093]
	buffer.memory = 33554432
	client.dns.lookup = default
	client.id = 
	compression.type = none
	connections.max.idle.ms = 540000
	delivery.timeout.ms = 120000
	enable.idempotence = false
	interceptor.classes = []
	key.serializer = class org.apache.kafka.common.serialization.StringSerializer
	linger.ms = 0
	max.block.ms = 60000
	max.in.flight.requests.per.connection = 5
	max.request.size = 1048576
	metadata.max.age.ms = 300000
	metric.reporters = []
	metrics.num.samples = 2
	metrics.recording.level = INFO
	metrics.sample.window.ms = 30000
	partitioner.class = class org.apache.kafka.clients.producer.internals.DefaultPartitioner
	receive.buffer.bytes = 32768
	reconnect.backoff.max.ms = 1000
	reconnect.backoff.ms = 50
	request.timeout.ms = 30000
	retries = 2147483647
	retry.backoff.ms = 100
	sasl.client.callback.handler.class = null
	sasl.jaas.config = null
	sasl.kerberos.kinit.cmd = /usr/bin/kinit
	sasl.kerberos.min.time.before.relogin = 60000
	sasl.kerberos.service.name = null
	sasl.kerberos.ticket.renew.jitter = 0.05
	sasl.kerberos.ticket.renew.window.factor = 0.8
	sasl.login.callback.handler.class = null
	sasl.login.class = null
	sasl.login.refresh.buffer.seconds = 300
	sasl.login.refresh.min.period.seconds = 60
	sasl.login.refresh.window.factor = 0.8
	sasl.login.refresh.window.jitter = 0.05
	sasl.mechanism = GSSAPI
	security.protocol = PLAINTEXT
	send.buffer.bytes = 131072
	ssl.cipher.suites = null
	ssl.enabled.protocols = [TLSv1.2, TLSv1.1, TLSv1]
	ssl.endpoint.identification.algorithm = https
	ssl.key.password = null
	ssl.keymanager.algorithm = SunX509
	ssl.keystore.location = null
	ssl.keystore.password = null
	ssl.keystore.type = JKS
	ssl.protocol = TLS
	ssl.provider = null
	ssl.secure.random.implementation = null
	ssl.trustmanager.algorithm = PKIX
	ssl.truststore.location = null
	ssl.truststore.password = null
	ssl.truststore.type = JKS
	transaction.timeout.ms = 60000
	transactional.id = null
	value.serializer = class org.apache.kafka.common.serialization.StringSerializer

[07/07/2020, 13:44:03:501 BST] 00000032 SystemOut                                                    O 2020-07-07 13:44:03 INFO  AppInfoParser:117 - Kafka version: 2.3.0
[07/07/2020, 13:44:03:504 BST] 00000032 SystemOut                                                    O 2020-07-07 13:44:03 INFO  AppInfoParser:118 - Kafka commitId: fc1aaa116b661c8a
[07/07/2020, 13:44:03:506 BST] 00000032 SystemOut                                                    O 2020-07-07 13:44:03 INFO  AppInfoParser:119 - Kafka startTimeMs: 1594125843500
[07/07/2020, 13:44:03:509 BST] 00000032 io.smallrye.reactive.messaging.extension.MediatorManager     I Initializing mediators
[07/07/2020, 13:44:03:511 BST] 00000032 com.ibm.ejs.container.EJSContainer                           W CNTR0092W: Attempted to access EnterpriseBean starter-app#starter-app.war#StarterApplication, that has not been started.
[07/07/2020, 13:44:03:524 BST] 00000032 io.smallrye.reactive.messaging.extension.MediatorManager     E Unable to initialize mediator: dev.appsody.starter.StarterApplication#processMessage
org.jboss.weld.exceptions.CreationException: WELD-000079: Could not instantiate a proxy for a session bean:  Session bean [class dev.appsody.starter.StarterApplication with qualifiers [@Any @Default]; local interfaces are [StarterApplication]
  Proxy: class dev.appsody.starter.StarterApplication$Proxy$_$$_Weld$EnterpriseProxy$
	at org.jboss.weld.module.ejb.SessionBeanProxyInstantiator.newInstance(SessionBeanProxyInstantiator.java:69)
	at org.jboss.weld.module.ejb.SessionBeanImpl.create(SessionBeanImpl.java:154)
	at org.jboss.weld.contexts.unbound.DependentContextImpl.get(DependentContextImpl.java:70)
	at org.jboss.weld.bean.ContextualInstanceStrategy$DefaultContextualInstanceStrategy.get(ContextualInstanceStrategy.java:100)
	at org.jboss.weld.bean.ContextualInstance.get(ContextualInstance.java:50)
	at org.jboss.weld.manager.BeanManagerImpl.getReference(BeanManagerImpl.java:694)
	at org.jboss.weld.manager.BeanManagerImpl.getReference(BeanManagerImpl.java:717)
	at org.jboss.weld.util.ForwardingBeanManager.getReference(ForwardingBeanManager.java:64)
	at org.jboss.weld.bean.builtin.BeanManagerProxy.getReference(BeanManagerProxy.java:87)
	at io.smallrye.reactive.messaging.extension.MediatorManager.lambda$initializeAndRun$4(MediatorManager.java:143)
	at io.smallrye.reactive.messaging.extension.MediatorManager$$Lambda$304/0000000000000000.accept(Unknown Source)
	at java.base/java.util.ArrayList.forEach(ArrayList.java:1540)
	at io.smallrye.reactive.messaging.extension.MediatorManager.initializeAndRun(MediatorManager.java:136)
	at io.smallrye.reactive.messaging.extension.MediatorManager$Proxy$_$$_WeldClientProxy.initializeAndRun(Unknown Source)
	at io.smallrye.reactive.messaging.extension.ReactiveMessagingExtension.afterDeploymentValidation(ReactiveMessagingExtension.java:86)
	at jdk.internal.reflect.GeneratedMethodAccessor818.invoke(Unknown Source)
	at java.base/java.lang.reflect.Method.invoke(Method.java:566)
	at org.jboss.weld.injection.StaticMethodInjectionPoint.invoke(StaticMethodInjectionPoint.java:95)
	at org.jboss.weld.injection.MethodInvocationStrategy$SpecialParamPlusBeanManagerStrategy.invoke(MethodInvocationStrategy.java:187)
	at org.jboss.weld.event.ObserverMethodImpl.sendEvent(ObserverMethodImpl.java:330)
	at org.jboss.weld.event.ExtensionObserverMethodImpl.sendEvent(ExtensionObserverMethodImpl.java:123)
	at org.jboss.weld.event.ObserverMethodImpl.sendEvent(ObserverMethodImpl.java:308)
	at org.jboss.weld.event.ObserverMethodImpl.notify(ObserverMethodImpl.java:286)
	at javax.enterprise.inject.spi.ObserverMethod.notify(ObserverMethod.java:124)
	at org.jboss.weld.util.Observers.notify(Observers.java:166)
	at org.jboss.weld.event.ObserverNotifier.notifySyncObservers(ObserverNotifier.java:285)
	at org.jboss.weld.event.ObserverNotifier.notify(ObserverNotifier.java:273)
	at org.jboss.weld.event.ObserverNotifier.fireEvent(ObserverNotifier.java:177)
	at org.jboss.weld.event.ObserverNotifier.fireEvent(ObserverNotifier.java:171)
	at org.jboss.weld.bootstrap.events.AbstractContainerEvent.fire(AbstractContainerEvent.java:53)
	at org.jboss.weld.bootstrap.events.AbstractDeploymentContainerEvent.fire(AbstractDeploymentContainerEvent.java:35)
	at org.jboss.weld.bootstrap.events.AfterDeploymentValidationImpl.fire(AfterDeploymentValidationImpl.java:28)
	at org.jboss.weld.bootstrap.WeldStartup.validateBeans(WeldStartup.java:505)
	at org.jboss.weld.bootstrap.WeldBootstrap.validateBeans(WeldBootstrap.java:93)
	at com.ibm.ws.cdi.impl.CDIContainerImpl.startInitialization(CDIContainerImpl.java:157)
	at com.ibm.ws.cdi.liberty.CDIRuntimeImpl.applicationStarting(CDIRuntimeImpl.java:453)
	at com.ibm.ws.container.service.state.internal.ApplicationStateManager.fireStarting(ApplicationStateManager.java:51)
	at com.ibm.ws.container.service.state.internal.StateChangeServiceImpl.fireApplicationStarting(StateChangeServiceImpl.java:50)
	at com.ibm.ws.app.manager.module.internal.SimpleDeployedAppInfoBase.preDeployApp(SimpleDeployedAppInfoBase.java:547)
	at com.ibm.ws.app.manager.module.internal.SimpleDeployedAppInfoBase.installApp(SimpleDeployedAppInfoBase.java:508)
	at com.ibm.ws.app.manager.module.internal.DeployedAppInfoBase.deployApp(DeployedAppInfoBase.java:347)
	at com.ibm.ws.app.manager.war.internal.WARApplicationHandlerImpl.install(WARApplicationHandlerImpl.java:65)
	at com.ibm.ws.app.manager.internal.statemachine.StartAction.execute(StartAction.java:140)
	at com.ibm.ws.app.manager.internal.statemachine.ApplicationStateMachineImpl.enterState(ApplicationStateMachineImpl.java:1264)
	at com.ibm.ws.app.manager.internal.statemachine.ApplicationStateMachineImpl.performAction(ApplicationStateMachineImpl.java:1144)
	at com.ibm.ws.app.manager.internal.statemachine.ApplicationStateMachineImpl.run(ApplicationStateMachineImpl.java:887)
	at com.ibm.ws.threading.internal.ExecutorServiceImpl$RunnableWrapper.run(ExecutorServiceImpl.java:239)
	at java.base/java.util.concurrent.ThreadPoolExecutor.runWorker(ThreadPoolExecutor.java:1128)
	at java.base/java.util.concurrent.ThreadPoolExecutor$Worker.run(ThreadPoolExecutor.java:628)
	at java.base/java.lang.Thread.run(Thread.java:834)
Caused by: javax.ejb.EJBException: nested exception is: java.lang.IllegalStateException: com.ibm.ejs.container.EJBNotFoundException: Attempted to access bean StarterApplication in module starter-app.war of application starter-app that has not been started or does not exist.
	at com.ibm.ws.ejbcontainer.internal.EJBReferenceFactoryImpl.create(EJBReferenceFactoryImpl.java:60)
	at com.ibm.ws.cdi.ejb.impl.WebSphereEjbServicesImpl.resolveEjb(WebSphereEjbServicesImpl.java:106)
	at org.jboss.weld.module.ejb.SessionBeanImpl.createReference(SessionBeanImpl.java:248)
	at org.jboss.weld.module.ejb.EnterpriseBeanProxyMethodHandler.<init>(EnterpriseBeanProxyMethodHandler.java:87)
	at org.jboss.weld.module.ejb.EnterpriseBeanProxyMethodHandler.<init>(EnterpriseBeanProxyMethodHandler.java:67)
	at org.jboss.weld.module.ejb.SessionBeanProxyInstantiator.createEnterpriseTargetBeanInstance(SessionBeanProxyInstantiator.java:75)
	at org.jboss.weld.module.ejb.SessionBeanProxyInstantiator.newInstance(SessionBeanProxyInstantiator.java:58)
	... 49 more
Caused by: java.lang.IllegalStateException: com.ibm.ejs.container.EJBNotFoundException: Attempted to access bean StarterApplication in module starter-app.war of application starter-app that has not been started or does not exist.
	at com.ibm.ws.ejbcontainer.internal.EJBReferenceFactoryImpl.getEJSHome(EJBReferenceFactoryImpl.java:42)
	at com.ibm.ws.ejbcontainer.internal.EJBReferenceFactoryImpl.create(EJBReferenceFactoryImpl.java:56)
	... 55 more
Caused by: com.ibm.ejs.container.EJBNotFoundException: Attempted to access bean StarterApplication in module starter-app.war of application starter-app that has not been started or does not exist.
	at com.ibm.ejs.container.EJSContainer.getInstalledHome(EJSContainer.java:768)
	at com.ibm.ws.ejbcontainer.internal.EJBReferenceFactoryImpl.getEJSHome(EJBReferenceFactoryImpl.java:40)
	... 56 more

[07/07/2020, 13:44:03:530 BST] 00000032 com.ibm.ejs.container.EJSContainer                           W CNTR0092W: Attempted to access EnterpriseBean starter-app#starter-app.war#StarterApplication, that has not been started.
[07/07/2020, 13:44:03:532 BST] 00000032 io.smallrye.reactive.messaging.extension.MediatorManager     E Unable to initialize mediator: dev.appsody.starter.StarterApplication#receiveMessage
org.jboss.weld.exceptions.CreationException: WELD-000079: Could not instantiate a proxy for a session bean:  Session bean [class dev.appsody.starter.StarterApplication with qualifiers [@Any @Default]; local interfaces are [StarterApplication]
  Proxy: class dev.appsody.starter.StarterApplication$Proxy$_$$_Weld$EnterpriseProxy$
	at org.jboss.weld.module.ejb.SessionBeanProxyInstantiator.newInstance(SessionBeanProxyInstantiator.java:69)
	at org.jboss.weld.module.ejb.SessionBeanImpl.create(SessionBeanImpl.java:154)
	at org.jboss.weld.contexts.unbound.DependentContextImpl.get(DependentContextImpl.java:70)
	at org.jboss.weld.bean.ContextualInstanceStrategy$DefaultContextualInstanceStrategy.get(ContextualInstanceStrategy.java:100)
	at org.jboss.weld.bean.ContextualInstance.get(ContextualInstance.java:50)
	at org.jboss.weld.manager.BeanManagerImpl.getReference(BeanManagerImpl.java:694)
	at org.jboss.weld.manager.BeanManagerImpl.getReference(BeanManagerImpl.java:717)
	at org.jboss.weld.util.ForwardingBeanManager.getReference(ForwardingBeanManager.java:64)
	at org.jboss.weld.bean.builtin.BeanManagerProxy.getReference(BeanManagerProxy.java:87)
	at io.smallrye.reactive.messaging.extension.MediatorManager.lambda$initializeAndRun$4(MediatorManager.java:143)
	at io.smallrye.reactive.messaging.extension.MediatorManager$$Lambda$304/0000000000000000.accept(Unknown Source)
	at java.base/java.util.ArrayList.forEach(ArrayList.java:1540)
	at io.smallrye.reactive.messaging.extension.MediatorManager.initializeAndRun(MediatorManager.java:136)
	at io.smallrye.reactive.messaging.extension.MediatorManager$Proxy$_$$_WeldClientProxy.initializeAndRun(Unknown Source)
	at io.smallrye.reactive.messaging.extension.ReactiveMessagingExtension.afterDeploymentValidation(ReactiveMessagingExtension.java:86)
	at jdk.internal.reflect.GeneratedMethodAccessor818.invoke(Unknown Source)
	at java.base/java.lang.reflect.Method.invoke(Method.java:566)
	at org.jboss.weld.injection.StaticMethodInjectionPoint.invoke(StaticMethodInjectionPoint.java:95)
	at org.jboss.weld.injection.MethodInvocationStrategy$SpecialParamPlusBeanManagerStrategy.invoke(MethodInvocationStrategy.java:187)
	at org.jboss.weld.event.ObserverMethodImpl.sendEvent(ObserverMethodImpl.java:330)
	at org.jboss.weld.event.ExtensionObserverMethodImpl.sendEvent(ExtensionObserverMethodImpl.java:123)
	at org.jboss.weld.event.ObserverMethodImpl.sendEvent(ObserverMethodImpl.java:308)
	at org.jboss.weld.event.ObserverMethodImpl.notify(ObserverMethodImpl.java:286)
	at javax.enterprise.inject.spi.ObserverMethod.notify(ObserverMethod.java:124)
	at org.jboss.weld.util.Observers.notify(Observers.java:166)
	at org.jboss.weld.event.ObserverNotifier.notifySyncObservers(ObserverNotifier.java:285)
	at org.jboss.weld.event.ObserverNotifier.notify(ObserverNotifier.java:273)
	at org.jboss.weld.event.ObserverNotifier.fireEvent(ObserverNotifier.java:177)
	at org.jboss.weld.event.ObserverNotifier.fireEvent(ObserverNotifier.java:171)
	at org.jboss.weld.bootstrap.events.AbstractContainerEvent.fire(AbstractContainerEvent.java:53)
	at org.jboss.weld.bootstrap.events.AbstractDeploymentContainerEvent.fire(AbstractDeploymentContainerEvent.java:35)
	at org.jboss.weld.bootstrap.events.AfterDeploymentValidationImpl.fire(AfterDeploymentValidationImpl.java:28)
	at org.jboss.weld.bootstrap.WeldStartup.validateBeans(WeldStartup.java:505)
	at org.jboss.weld.bootstrap.WeldBootstrap.validateBeans(WeldBootstrap.java:93)
	at com.ibm.ws.cdi.impl.CDIContainerImpl.startInitialization(CDIContainerImpl.java:157)
	at com.ibm.ws.cdi.liberty.CDIRuntimeImpl.applicationStarting(CDIRuntimeImpl.java:453)
	at com.ibm.ws.container.service.state.internal.ApplicationStateManager.fireStarting(ApplicationStateManager.java:51)
	at com.ibm.ws.container.service.state.internal.StateChangeServiceImpl.fireApplicationStarting(StateChangeServiceImpl.java:50)
	at com.ibm.ws.app.manager.module.internal.SimpleDeployedAppInfoBase.preDeployApp(SimpleDeployedAppInfoBase.java:547)
	at com.ibm.ws.app.manager.module.internal.SimpleDeployedAppInfoBase.installApp(SimpleDeployedAppInfoBase.java:508)
	at com.ibm.ws.app.manager.module.internal.DeployedAppInfoBase.deployApp(DeployedAppInfoBase.java:347)
	at com.ibm.ws.app.manager.war.internal.WARApplicationHandlerImpl.install(WARApplicationHandlerImpl.java:65)
	at com.ibm.ws.app.manager.internal.statemachine.StartAction.execute(StartAction.java:140)
	at com.ibm.ws.app.manager.internal.statemachine.ApplicationStateMachineImpl.enterState(ApplicationStateMachineImpl.java:1264)
	at com.ibm.ws.app.manager.internal.statemachine.ApplicationStateMachineImpl.performAction(ApplicationStateMachineImpl.java:1144)
	at com.ibm.ws.app.manager.internal.statemachine.ApplicationStateMachineImpl.run(ApplicationStateMachineImpl.java:887)
	at com.ibm.ws.threading.internal.ExecutorServiceImpl$RunnableWrapper.run(ExecutorServiceImpl.java:239)
	at java.base/java.util.concurrent.ThreadPoolExecutor.runWorker(ThreadPoolExecutor.java:1128)
	at java.base/java.util.concurrent.ThreadPoolExecutor$Worker.run(ThreadPoolExecutor.java:628)
	at java.base/java.lang.Thread.run(Thread.java:834)
Caused by: javax.ejb.EJBException: nested exception is: java.lang.IllegalStateException: com.ibm.ejs.container.EJBNotFoundException: Attempted to access bean StarterApplication in module starter-app.war of application starter-app that has not been started or does not exist.
	at com.ibm.ws.ejbcontainer.internal.EJBReferenceFactoryImpl.create(EJBReferenceFactoryImpl.java:60)
	at com.ibm.ws.cdi.ejb.impl.WebSphereEjbServicesImpl.resolveEjb(WebSphereEjbServicesImpl.java:106)
	at org.jboss.weld.module.ejb.SessionBeanImpl.createReference(SessionBeanImpl.java:248)
	at org.jboss.weld.module.ejb.EnterpriseBeanProxyMethodHandler.<init>(EnterpriseBeanProxyMethodHandler.java:87)
	at org.jboss.weld.module.ejb.EnterpriseBeanProxyMethodHandler.<init>(EnterpriseBeanProxyMethodHandler.java:67)
	at org.jboss.weld.module.ejb.SessionBeanProxyInstantiator.createEnterpriseTargetBeanInstance(SessionBeanProxyInstantiator.java:75)
	at org.jboss.weld.module.ejb.SessionBeanProxyInstantiator.newInstance(SessionBeanProxyInstantiator.java:58)
	... 49 more
Caused by: java.lang.IllegalStateException: com.ibm.ejs.container.EJBNotFoundException: Attempted to access bean StarterApplication in module starter-app.war of application starter-app that has not been started or does not exist.
	at com.ibm.ws.ejbcontainer.internal.EJBReferenceFactoryImpl.getEJSHome(EJBReferenceFactoryImpl.java:42)
	at com.ibm.ws.ejbcontainer.internal.EJBReferenceFactoryImpl.create(EJBReferenceFactoryImpl.java:56)
	... 55 more
Caused by: com.ibm.ejs.container.EJBNotFoundException: Attempted to access bean StarterApplication in module starter-app.war of application starter-app that has not been started or does not exist.
	at com.ibm.ejs.container.EJSContainer.getInstalledHome(EJSContainer.java:768)
	at com.ibm.ws.ejbcontainer.internal.EJBReferenceFactoryImpl.getEJSHome(EJBReferenceFactoryImpl.java:40)
	... 56 more

[07/07/2020, 13:44:03:539 BST] 00000032 io.smallrye.reactive.messaging.extension.MediatorManager     I Connecting mediators
[07/07/2020, 13:44:03:539 BST] 00000032 io.smallrye.reactive.messaging.extension.MediatorManager     I Attempt to resolve dev.appsody.starter.StarterApplication#processMessage
[07/07/2020, 13:44:03:556 BST] 00000032 SystemOut                                                    O 2020-07-07 13:44:03 INFO  KafkaProducer:1153 - [Producer clientId=producer-1] Closing the Kafka producer with timeoutMillis = 0 ms.
[07/07/2020, 13:44:03:557 BST] 00000032 SystemOut                                                    O 2020-07-07 13:44:03 INFO  KafkaProducer:1179 - [Producer clientId=producer-1] Proceeding to force close the producer since pending requests could not be completed within timeout 0 ms.
[07/07/2020, 13:44:03:567 BST] 00000032 io.smallrye.reactive.messaging.extension.MediatorManager     I Cancel subscriptions
[07/07/2020, 13:44:03:577 BST] 00000032 com.ibm.ws.app.manager.AppMessageHelper                      E CWWKZ0004E: An exception occurred while starting the application starter-app. The exception message was: com.ibm.ws.container.service.state.StateChangeException: org.jboss.weld.exceptions.DeploymentException: Processor must not be null
[07/07/2020, 13:44:25:793 BST] 00000021 com.ibm.ws.kernel.launch.internal.FrameworkManager           A CWWKE0085I: The server defaultServer is stopping because the JVM is exiting.
[07/07/2020, 13:44:25:797 BST] 000000b8 com.ibm.ws.runtime.update.internal.RuntimeUpdateManagerImpl  A CWWKE1100I: Waiting for up to 30 seconds for the server to quiesce.
[07/07/2020, 13:44:25:810 BST] 00000068 com.ibm.ws.tcpchannel.internal.TCPChannel                    I CWWKO0220I: TCP Channel defaultHttpEndpoint-ssl has stopped listening for requests on host *  (IPv6) port 9443.
[07/07/2020, 13:44:25:813 BST] 00000068 com.ibm.ws.tcpchannel.internal.TCPChannel                    I CWWKO0220I: TCP Channel defaultHttpEndpoint has stopped listening for requests on host *  (IPv6) port 9080.
[07/07/2020, 13:44:25:814 BST] 00000068 com.ibm.ws.http.internal.VirtualHostImpl                     A CWWKT0017I: Web application removed (default_host): http://192.168.80.1:9080/jwt/
[07/07/2020, 13:44:25:815 BST] 00000068 com.ibm.ws.http.internal.VirtualHostImpl                     A CWWKT0017I: Web application removed (default_host): http://192.168.80.1:9080/openapi/ui/
[07/07/2020, 13:44:25:815 BST] 00000068 com.ibm.ws.http.internal.VirtualHostImpl                     A CWWKT0017I: Web application removed (default_host): http://192.168.80.1:9080/health/
[07/07/2020, 13:44:25:816 BST] 00000068 com.ibm.ws.http.internal.VirtualHostImpl                     A CWWKT0017I: Web application removed (default_host): http://192.168.80.1:9080/metrics/
[07/07/2020, 13:44:25:816 BST] 00000068 com.ibm.ws.http.internal.VirtualHostImpl                     A CWWKT0017I: Web application removed (default_host): http://192.168.80.1:9080/ibm/api/
[07/07/2020, 13:44:25:817 BST] 00000068 com.ibm.ws.http.internal.VirtualHostImpl                     A CWWKT0017I: Web application removed (default_host): http://192.168.80.1:9080/openapi/
[07/07/2020, 13:44:26:195 BST] 00000022 com.ibm.ws.kernel.launch.internal.ServerCommandListener      A CWWKE0055I: Server shutdown requested on Tuesday, 7 July 2020 at 13:44. The server defaultServer is shutting down.
[07/07/2020, 13:44:26:823 BST] 000000b8 com.ibm.ws.runtime.update.internal.RuntimeUpdateManagerImpl  I CWWKE1101I: Server quiesce complete.
[07/07/2020, 13:44:27:262 BST] 000000b8 .ws.security.mp.jwt.v11.config.impl.MpConfigProxyServiceImpl I CWWKS5777I: The MicroProfile JWT version 1.1 mpConfigProxy deactivated successfully.
[07/07/2020, 13:44:27:267 BST] 000000b8 com.ibm.ws.security.mp.jwt.impl.MicroProfileJwtConfigImpl    I CWWKS5502I: The MicroProfile JWT configuration [defaultMpJwt] was successfully deactivated.
[07/07/2020, 13:44:27:268 BST] 000000b8 com.ibm.ws.security.mp.jwt.impl.MicroProfileJwtServiceImpl   I CWWKS5502I: The MicroProfile JWT configuration [MicroProfileJwtService] was successfully deactivated.
[07/07/2020, 13:44:27:385 BST] 000000b8 com.ibm.ws.security.ready.internal.SecurityReadyServiceImpl  I CWWKS0008I: The security service is ready.
[07/07/2020, 13:44:27:408 BST] 000000b8 ibm.ws.security.authentication.internal.jaas.JAASServiceImpl I CWWKS1124I: The collective authentication plugin with class name NullCollectiveAuthenticationPlugin has been deactivated. 
[07/07/2020, 13:44:27:583 BST] 000000b8 com.ibm.ws.security.ready.internal.SecurityReadyServiceImpl  I CWWKS0009I: The security service has stopped.
[07/07/2020, 13:44:28:158 BST] 00000001 com.ibm.ws.kernel.launch.internal.FrameworkManager           A CWWKE0036I: The server defaultServer stopped after 53.216 seconds.
